Microsoft (R) Macro Assembler Version 14.14.26433.0	    11/03/18 18:12:30
0Integer Accumulator     (IntegerAccumulator.asm	     Page 1 - 1


				TITLE Integer Accumulator     (IntegerAccumulator.asm)

				; Author: Joel Huffman
				; Last Modified: 10/27/2018
				; OSU email address: huffmajo@oregonstate.edu
				; Course number/section: CS271-400
				; Project Number: 3               Due Date: 10/28/2018
				; Description: Program gets the user's name and an integer from 1 to 46. Then the fibonacci numbers from 1
				; to the entered integer are printed in aligned columns with a maximum of 5 numbers per row/line. 

				INCLUDE Irvine32.inc
			      C ; Include file for Irvine32.lib             (Irvine32.inc)
			      C 
			      C ;OPTION CASEMAP:NONE		; optional: make identifiers case-sensitive
			      C 
			      C INCLUDE SmallWin.inc		; MS-Windows prototypes, structures, and constants
			      C .NOLIST
			      C .LIST
			      C 
			      C INCLUDE VirtualKeys.inc
			      C ; VirtualKeys.inc
			      C .NOLIST
			      C .LIST
			      C 
			      C 
			      C .NOLIST
			      C .LIST
			      C 

 =-00000064			LOWER_LIMIT	= -100

 00000000			.data

 00000000  00000021 [		userName			BYTE 33 DUP(0)			;name entered by user
	    00
	   ]
 00000021 00000000		userNum				DWORD			?		;validated integer entered by user
 00000025 00000000		counter				DWORD			0		;tracks quantity of valid numbers entered
 00000029 00000000		sum					DWORD			0		;sum of valid numbers entered
 0000002D 00000000		average				DWORD			?		;average of valid numbers entered
 00000031 00000000		remainder			DWORD			?		;remainder from divison to find average
 00000035 00000000		halfCounter			DWORD			?		;half of counter value, used for determining rounding
 00000039 49 6E 74 65 67	programTitle		BYTE	"Integer Accumulator  ", 0
	   65 72 20 41 63
	   63 75 6D 75 6C
	   61 74 6F 72 20
	   20 00
 0000004F 62 79 20 4A 6F	myName				BYTE	"by Joel Huffman", 0
	   65 6C 20 48 75
	   66 66 6D 61 6E
	   00
 0000005F 2A 2A 45 43 3A	ec_1				BYTE	"**EC: Lines for user input numbers are numbered.", 0
	   20 4C 69 6E 65
	   73 20 66 6F 72
	   20 75 73 65 72
	   20 69 6E 70 75
	   74 20 6E 75 6D
	   62 65 72 73 20
	   61 72 65 20 6E
	   75 6D 62 65 72
	   65 64 2E 00
 00000090 57 68 61 74 27	prompt_1			BYTE	"What's your name? ", 0
	   73 20 79 6F 75
	   72 20 6E 61 6D
	   65 3F 20 00
 000000A3 48 65 6C 6C 6F	greeting			BYTE	"Hello, ", 0
	   2C 20 00
 000000AB 50 6C 65 61 73	instruct_1			BYTE	"Please enter numbers in [-100, -1].", 0
	   65 20 65 6E 74
	   65 72 20 6E 75
	   6D 62 65 72 73
	   20 69 6E 20 5B
	   2D 31 30 30 2C
	   20 2D 31 5D 2E
	   00
 000000CF 45 6E 74 65 72	instruct_2			BYTE	"Enter  a non-negative number when you are finished to see results.", 0
	   20 20 61 20 6E
	   6F 6E 2D 6E 65
	   67 61 74 69 76
	   65 20 6E 75 6D
	   62 65 72 20 77
	   68 65 6E 20 79
	   6F 75 20 61 72
	   65 20 66 69 6E
	   69 73 68 65 64
	   20 74 6F 20 73
	   65 65 20 72 65
	   73 75 6C 74 73
	   2E 00
 00000112 29 20 45 6E 74	instruct_3			BYTE	") Enter a number: ", 0
	   65 72 20 61 20
	   6E 75 6D 62 65
	   72 3A 20 00
 00000125 45 6E 74 65 72	outOfRange			BYTE	"Entered number is out of range. Try entering a number in [-100, -1] or a non-negative number when finished.", 0
	   65 64 20 6E 75
	   6D 62 65 72 20
	   69 73 20 6F 75
	   74 20 6F 66 20
	   72 61 6E 67 65
	   2E 20 54 72 79
	   20 65 6E 74 65
	   72 69 6E 67 20
	   61 20 6E 75 6D
	   62 65 72 20 69
	   6E 20 5B 2D 31
	   30 30 2C 20 2D
	   31 5D 20 6F 72
	   20 61 20 6E 6F
	   6E 2D 6E 65 67
	   61 74 69 76 65
	   20 6E 75 6D 62
	   65 72 20 77 68
	   65 6E 20 66 69
	   6E 69 73 68 65
	   64 2E 00
 00000191 59 6F 75 20 65	numbersEntered_1	BYTE	"You entered ", 0
	   6E 74 65 72 65
	   64 20 00
 0000019E 20 76 61 6C 69	numbersEntered_2	BYTE	" valid numbers.", 0 
	   64 20 6E 75 6D
	   62 65 72 73 2E
	   00
 000001AE 54 68 65 20 73	numbersSum			BYTE	"The sum of your valid numbers is ", 0
	   75 6D 20 6F 66
	   20 79 6F 75 72
	   20 76 61 6C 69
	   64 20 6E 75 6D
	   62 65 72 73 20
	   69 73 20 00
 000001D0 54 68 65 20 72	numbersAverage		BYTE	"The rounded average is ", 0
	   6F 75 6E 64 65
	   64 20 61 76 65
	   72 61 67 65 20
	   69 73 20 00
 000001E8 54 68 65 20 66	numbersAverageFloat	BYTE	"The floating-point average is ", 0
	   6C 6F 61 74 69
	   6E 67 2D 70 6F
	   69 6E 74 20 61
	   76 65 72 61 67
	   65 20 69 73 20
	   00
 00000207 4E 6F 20 76 61	noValidNums			BYTE	"No valid numbers were entered.", 0
	   6C 69 64 20 6E
	   75 6D 62 65 72
	   73 20 77 65 72
	   65 20 65 6E 74
	   65 72 65 64 2E
	   00
 00000226 54 68 61 6E 6B	goodBye_1			BYTE	"Thanks for playing Integer Accumulator! See ya later, ", 0
	   73 20 66 6F 72
	   20 70 6C 61 79
	   69 6E 67 20 49
	   6E 74 65 67 65
	   72 20 41 63 63
	   75 6D 75 6C 61
	   74 6F 72 21 20
	   53 65 65 20 79
	   61 20 6C 61 74
	   65 72 2C 20 00
 0000025D 21 00			goodBye_2			BYTE	"!", 0

 00000000			.code
 00000000			main PROC

				;program title, author and ec completed
 00000000  BA 00000039 R		mov		edx, OFFSET programTitle
 00000005  E8 00000000 E		call	WriteString
 0000000A  BA 0000004F R		mov		edx, OFFSET myName
 0000000F  E8 00000000 E		call	WriteString
 00000014  E8 00000000 E		call	CrLF
 00000019  BA 0000005F R		mov		edx, OFFSET ec_1
 0000001E  E8 00000000 E		call	WriteString
 00000023  E8 00000000 E		call	CrLF
 00000028  E8 00000000 E		call	CrLf

				;greet the user
 0000002D  BA 00000090 R		mov		edx, OFFSET prompt_1
 00000032  E8 00000000 E		call	WriteString
 00000037  BA 00000000 R		mov		edx, OFFSET userName
 0000003C  B9 00000020			mov		ecx, 32
 00000041  E8 00000000 E		call	ReadString
 00000046  E8 00000000 E		call	CrLf
 0000004B  BA 000000A3 R		mov		edx, OFFSET greeting
 00000050  E8 00000000 E		call	WriteString
 00000055  BA 00000000 R		mov		edx, OFFSET userName
 0000005A  E8 00000000 E		call	WriteString
 0000005F  E8 00000000 E		call	CrLf

				;give user instructions
 00000064  BA 000000AB R		mov		edx, OFFSET instruct_1
 00000069  E8 00000000 E		call	WriteString
 0000006E  E8 00000000 E		call	CrLf
 00000073  BA 000000CF R		mov		edx, OFFSET instruct_2
 00000078  E8 00000000 E		call	WriteString
 0000007D  E8 00000000 E		call	CrLf

				;prompt user to enter integers and validate input
 00000082			inputLoop:
 00000082  E8 0000010D			call	validateInput
 00000087  83 F8 00			cmp		eax, 0
 0000008A  79 13			jns		exitInputLoop
 0000008C  FF 05 00000025 R		inc		counter
 00000092  A1 00000021 R		mov		eax, userNum
 00000097  01 05 00000029 R		add		sum, eax
 0000009D  EB E3			jmp		inputLoop

				;calculate average of entered negative numbers
 0000009F			exitInputLoop:
 0000009F  83 3D 00000025 R		cmp		counter, 0
	   00
 000000A6  0F 84 000000AA		je		noNumEntered
 000000AC  33 D2			xor		edx, edx
 000000AE  A1 00000029 R		mov		eax, sum
 000000B3  99				cdq
 000000B4  8B 1D 00000025 R		mov		ebx, counter
 000000BA  F7 FB			idiv	ebx
 000000BC  A3 0000002D R		mov		average, eax
				;check rounding on average
 000000C1  89 15 00000031 R		mov		remainder, edx
 000000C7  83 FA 01			cmp		edx, 1
 000000CA  7E 38			jle		roundUp
 000000CC  8B 1D 00000031 R		mov		ebx, remainder
 000000D2  B8 FFFFFFFF			mov		eax, -1
 000000D7  F7 E3			mul		ebx
 000000D9  A3 00000031 R		mov		remainder, eax
 000000DE  A1 00000025 R		mov		eax, counter
 000000E3  BB 00000002			mov		ebx, 2
 000000E8  33 D2			xor		edx, edx
 000000EA  F7 F3			div		ebx
 000000EC  A3 00000035 R		mov		halfCounter, eax
 000000F1  A1 00000031 R		mov		eax, remainder
 000000F6  3B 05 00000035 R		cmp		eax, halfCounter
 000000FC  7C 06			jl		roundUp		
 000000FE			roundDown:
 000000FE  FF 0D 0000002D R		dec		average
 00000104			roundUp:
					

				;display results:
				;display number of negative numbers entered
 00000104  BA 00000191 R		mov		edx, OFFSET numbersEntered_1
 00000109  E8 00000000 E		call	WriteString
 0000010E  A1 00000025 R		mov		eax, counter
 00000113  E8 00000000 E		call	WriteDec
 00000118  BA 0000019E R		mov		edx, OFFSET numbersEntered_2
 0000011D  E8 00000000 E		call	WriteString
 00000122  E8 00000000 E		call	CrLf

				;display sum of negative numbers entered
 00000127  BA 000001AE R		mov		edx, OFFSET numbersSum
 0000012C  E8 00000000 E		call	WriteString
 00000131  A1 00000029 R		mov		eax, sum
 00000136  E8 00000000 E		call	WriteInt
 0000013B  E8 00000000 E		call	CrLf
					
				;display average of negative numbers entered
 00000140  BA 000001D0 R		mov		edx, OFFSET numbersAverage
 00000145  E8 00000000 E		call	WriteString
 0000014A  A1 0000002D R		mov		eax, average
 0000014F  E8 00000000 E		call	WriteInt
 00000154  EB 0A			jmp		partingMessage

				;print special message if no valid numbers were entered
 00000156			noNumEntered:
 00000156  BA 00000207 R		mov		edx, OFFSET noValidNums
 0000015B  E8 00000000 E		call	WriteString

				;say good-bye
 00000160			partingMessage:
 00000160  E8 00000000 E		call	CrLf
 00000165  E8 00000000 E		call	CrLf
 0000016A  BA 00000226 R		mov		edx, OFFSET goodBye_1
 0000016F  E8 00000000 E		call	WriteString
 00000174  BA 00000000 R		mov		edx, OFFSET userName
 00000179  E8 00000000 E		call	WriteString
 0000017E  BA 0000025D R		mov		edx, OFFSET goodBye_2
 00000183  E8 00000000 E		call	WriteString
 00000188  E8 00000000 E		call	CrLf

					exit	; exit to operating system
 0000018D  6A 00	   *	    push   +000000000h
 0000018F  E8 00000000 E   *	    call   ExitProcess
 00000194			main ENDP

				;----------------------------------------------------
				; validateInput
				;
				; Prompts user for integer and continues re-prompting 
				; until entered input is within the limits (>=-100) 
				; Receives: none
				; Returns:	userNum
				;----------------------------------------------------
 00000194			validateInput PROC
 00000194			getInput:
 00000194  A1 00000025 R		mov		eax, counter
 00000199  40				inc		eax
 0000019A  E8 00000000 E		call	WriteDec
 0000019F  BA 00000112 R		mov		edx, OFFSET instruct_3
 000001A4  E8 00000000 E		call	WriteString
 000001A9  E8 00000000 E		call	ReadInt
 000001AE  83 F8 9C			cmp		eax, LOWER_LIMIT
 000001B1  7D 16			jge		isValid
 000001B3  E8 00000000 E		call	CrLf
 000001B8  BA 00000125 R		mov		edx, OFFSET outOfRange
 000001BD  E8 00000000 E		call	WriteString
 000001C2  E8 00000000 E		call	CrLf
 000001C7  EB CB			jmp		getInput
 000001C9			isValid:
 000001C9  A3 00000021 R		mov		userNum, eax
 000001CE  C3				ret
 000001CF			validateInput ENDP

				END main
Microsoft (R) Macro Assembler Version 14.14.26433.0	    11/03/18 18:12:30
0Integer Accumulator     (IntegerAccumulator.asm	     Symbols 2 - 1




Structures and Unions:

                N a m e                  Size
                                         Offset      Type

CONSOLE_CURSOR_INFO  . . . . . .	 00000008
  dwSize . . . . . . . . . . . .	 00000000	 DWord
  bVisible . . . . . . . . . . .	 00000004	 DWord
CONSOLE_SCREEN_BUFFER_INFO . . .	 00000016
  dwSize . . . . . . . . . . . .	 00000000	 DWord
  dwCursorPosition . . . . . . .	 00000004	 DWord
  wAttributes  . . . . . . . . .	 00000008	 Word
  srWindow . . . . . . . . . . .	 0000000A	 QWord
  dwMaximumWindowSize  . . . . .	 00000012	 DWord
COORD  . . . . . . . . . . . . .	 00000004
  X  . . . . . . . . . . . . . .	 00000000	 Word
  Y  . . . . . . . . . . . . . .	 00000002	 Word
FILETIME . . . . . . . . . . . .	 00000008
  loDateTime . . . . . . . . . .	 00000000	 DWord
  hiDateTime . . . . . . . . . .	 00000004	 DWord
FOCUS_EVENT_RECORD . . . . . . .	 00000004
  bSetFocus  . . . . . . . . . .	 00000000	 DWord
FPU_ENVIRON  . . . . . . . . . .	 0000001C
  controlWord  . . . . . . . . .	 00000000	 Word
  statusWord . . . . . . . . . .	 00000004	 Word
  tagWord  . . . . . . . . . . .	 00000008	 Word
  instrPointerOffset . . . . . .	 0000000C	 DWord
  instrPointerSelector . . . . .	 00000010	 DWord
  operandPointerOffset . . . . .	 00000014	 DWord
  operandPointerSelector . . . .	 00000018	 Word
INPUT_RECORD . . . . . . . . . .	 00000014
  EventType  . . . . . . . . . .	 00000000	 Word
  Event  . . . . . . . . . . . .	 00000004	 XmmWord
  bKeyDown . . . . . . . . . . .	 00000000	 DWord
  wRepeatCount . . . . . . . . .	 00000004	 Word
  wVirtualKeyCode  . . . . . . .	 00000006	 Word
  wVirtualScanCode . . . . . . .	 00000008	 Word
  uChar  . . . . . . . . . . . .	 0000000A	 Word
  UnicodeChar  . . . . . . . . .	 00000000	 Word
  AsciiChar  . . . . . . . . . .	 00000000	 Byte
  dwControlKeyState  . . . . . .	 0000000C	 DWord
  dwMousePosition  . . . . . . .	 00000000	 DWord
  dwButtonState  . . . . . . . .	 00000004	 DWord
  dwMouseControlKeyState . . . .	 00000008	 DWord
  dwEventFlags . . . . . . . . .	 0000000C	 DWord
  dwSize . . . . . . . . . . . .	 00000000	 DWord
  dwCommandId  . . . . . . . . .	 00000000	 DWord
  bSetFocus  . . . . . . . . . .	 00000000	 DWord
KEY_EVENT_RECORD . . . . . . . .	 00000010
  bKeyDown . . . . . . . . . . .	 00000000	 DWord
  wRepeatCount . . . . . . . . .	 00000004	 Word
  wVirtualKeyCode  . . . . . . .	 00000006	 Word
  wVirtualScanCode . . . . . . .	 00000008	 Word
  uChar  . . . . . . . . . . . .	 0000000A	 Word
  UnicodeChar  . . . . . . . . .	 00000000	 Word
  AsciiChar  . . . . . . . . . .	 00000000	 Byte
  dwControlKeyState  . . . . . .	 0000000C	 DWord
MENU_EVENT_RECORD  . . . . . . .	 00000004
  dwCommandId  . . . . . . . . .	 00000000	 DWord
MOUSE_EVENT_RECORD . . . . . . .	 00000010
  dwMousePosition  . . . . . . .	 00000000	 DWord
  dwButtonState  . . . . . . . .	 00000004	 DWord
  dwMouseControlKeyState . . . .	 00000008	 DWord
  dwEventFlags . . . . . . . . .	 0000000C	 DWord
SMALL_RECT . . . . . . . . . . .	 00000008
  Left . . . . . . . . . . . . .	 00000000	 Word
  Top  . . . . . . . . . . . . .	 00000002	 Word
  Right  . . . . . . . . . . . .	 00000004	 Word
  Bottom . . . . . . . . . . . .	 00000006	 Word
SYSTEMTIME . . . . . . . . . . .	 00000010
  wYear  . . . . . . . . . . . .	 00000000	 Word
  wMonth . . . . . . . . . . . .	 00000002	 Word
  wDayOfWeek . . . . . . . . . .	 00000004	 Word
  wDay . . . . . . . . . . . . .	 00000006	 Word
  wHour  . . . . . . . . . . . .	 00000008	 Word
  wMinute  . . . . . . . . . . .	 0000000A	 Word
  wSecond  . . . . . . . . . . .	 0000000C	 Word
  wMilliseconds  . . . . . . . .	 0000000E	 Word
WINDOW_BUFFER_SIZE_RECORD  . . .	 00000004
  dwSize . . . . . . . . . . . .	 00000000	 DWord


Segments and Groups:

                N a m e                 Size     Length   Align   Combine Class

FLAT . . . . . . . . . . . . . .	GROUP
STACK  . . . . . . . . . . . . .	32 Bit	 00001000 Para	  Stack	  'STACK'	 
_DATA  . . . . . . . . . . . . .	32 Bit	 0000025F Para	  Public  'DATA'	
_TEXT  . . . . . . . . . . . . .	32 Bit	 000001CF Para	  Public  'CODE'	


Procedures, parameters, and locals:

                N a m e                 Type     Value    Attr

CloseFile  . . . . . . . . . . .	P Near	 00000000 FLAT	Length= 00000000 External STDCALL
CloseHandle  . . . . . . . . . .	P Near	 00000000 FLAT	Length= 00000000 External STDCALL
Clrscr . . . . . . . . . . . . .	P Near	 00000000 FLAT	Length= 00000000 External STDCALL
CreateFileA  . . . . . . . . . .	P Near	 00000000 FLAT	Length= 00000000 External STDCALL
CreateOutputFile . . . . . . . .	P Near	 00000000 FLAT	Length= 00000000 External STDCALL
Crlf . . . . . . . . . . . . . .	P Near	 00000000 FLAT	Length= 00000000 External STDCALL
Delay  . . . . . . . . . . . . .	P Near	 00000000 FLAT	Length= 00000000 External STDCALL
DumpMem  . . . . . . . . . . . .	P Near	 00000000 FLAT	Length= 00000000 External STDCALL
DumpRegs . . . . . . . . . . . .	P Near	 00000000 FLAT	Length= 00000000 External STDCALL
ExitProcess  . . . . . . . . . .	P Near	 00000000 FLAT	Length= 00000000 External STDCALL
FileTimeToDosDateTime  . . . . .	P Near	 00000000 FLAT	Length= 00000000 External STDCALL
FileTimeToSystemTime . . . . . .	P Near	 00000000 FLAT	Length= 00000000 External STDCALL
FlushConsoleInputBuffer  . . . .	P Near	 00000000 FLAT	Length= 00000000 External STDCALL
FormatMessageA . . . . . . . . .	P Near	 00000000 FLAT	Length= 00000000 External STDCALL
GetCommandLineA  . . . . . . . .	P Near	 00000000 FLAT	Length= 00000000 External STDCALL
GetCommandTail . . . . . . . . .	P Near	 00000000 FLAT	Length= 00000000 External STDCALL
GetConsoleCP . . . . . . . . . .	P Near	 00000000 FLAT	Length= 00000000 External STDCALL
GetConsoleCursorInfo . . . . . .	P Near	 00000000 FLAT	Length= 00000000 External STDCALL
GetConsoleMode . . . . . . . . .	P Near	 00000000 FLAT	Length= 00000000 External STDCALL
GetConsoleScreenBufferInfo . . .	P Near	 00000000 FLAT	Length= 00000000 External STDCALL
GetDateTime  . . . . . . . . . .	P Near	 00000000 FLAT	Length= 00000000 External STDCALL
GetFileTime  . . . . . . . . . .	P Near	 00000000 FLAT	Length= 00000000 External STDCALL
GetKeyState  . . . . . . . . . .	P Near	 00000000 FLAT	Length= 00000000 External STDCALL
GetLastError . . . . . . . . . .	P Near	 00000000 FLAT	Length= 00000000 External STDCALL
GetLocalTime . . . . . . . . . .	P Near	 00000000 FLAT	Length= 00000000 External STDCALL
GetMaxXY . . . . . . . . . . . .	P Near	 00000000 FLAT	Length= 00000000 External STDCALL
GetMseconds  . . . . . . . . . .	P Near	 00000000 FLAT	Length= 00000000 External STDCALL
GetNumberOfConsoleInputEvents  .	P Near	 00000000 FLAT	Length= 00000000 External STDCALL
GetProcessHeap . . . . . . . . .	P Near	 00000000 FLAT	Length= 00000000 External STDCALL
GetStdHandle . . . . . . . . . .	P Near	 00000000 FLAT	Length= 00000000 External STDCALL
GetSystemTime  . . . . . . . . .	P Near	 00000000 FLAT	Length= 00000000 External STDCALL
GetTextColor . . . . . . . . . .	P Near	 00000000 FLAT	Length= 00000000 External STDCALL
GetTickCount . . . . . . . . . .	P Near	 00000000 FLAT	Length= 00000000 External STDCALL
Gotoxy . . . . . . . . . . . . .	P Near	 00000000 FLAT	Length= 00000000 External STDCALL
HeapAlloc  . . . . . . . . . . .	P Near	 00000000 FLAT	Length= 00000000 External STDCALL
HeapCreate . . . . . . . . . . .	P Near	 00000000 FLAT	Length= 00000000 External STDCALL
HeapDestroy  . . . . . . . . . .	P Near	 00000000 FLAT	Length= 00000000 External STDCALL
HeapFree . . . . . . . . . . . .	P Near	 00000000 FLAT	Length= 00000000 External STDCALL
HeapSize . . . . . . . . . . . .	P Near	 00000000 FLAT	Length= 00000000 External STDCALL
IsDigit  . . . . . . . . . . . .	P Near	 00000000 FLAT	Length= 00000000 External STDCALL
LocalFree  . . . . . . . . . . .	P Near	 00000000 FLAT	Length= 00000000 External STDCALL
MessageBoxA  . . . . . . . . . .	P Near	 00000000 FLAT	Length= 00000000 External STDCALL
MsgBoxAsk  . . . . . . . . . . .	P Near	 00000000 FLAT	Length= 00000000 External STDCALL
MsgBox . . . . . . . . . . . . .	P Near	 00000000 FLAT	Length= 00000000 External STDCALL
OpenInputFile  . . . . . . . . .	P Near	 00000000 FLAT	Length= 00000000 External STDCALL
ParseDecimal32 . . . . . . . . .	P Near	 00000000 FLAT	Length= 00000000 External STDCALL
ParseInteger32 . . . . . . . . .	P Near	 00000000 FLAT	Length= 00000000 External STDCALL
PeekConsoleInputA  . . . . . . .	P Near	 00000000 FLAT	Length= 00000000 External STDCALL
Random32 . . . . . . . . . . . .	P Near	 00000000 FLAT	Length= 00000000 External STDCALL
RandomRange  . . . . . . . . . .	P Near	 00000000 FLAT	Length= 00000000 External STDCALL
Randomize  . . . . . . . . . . .	P Near	 00000000 FLAT	Length= 00000000 External STDCALL
ReadChar . . . . . . . . . . . .	P Near	 00000000 FLAT	Length= 00000000 External STDCALL
ReadConsoleA . . . . . . . . . .	P Near	 00000000 FLAT	Length= 00000000 External STDCALL
ReadConsoleInputA  . . . . . . .	P Near	 00000000 FLAT	Length= 00000000 External STDCALL
ReadDec  . . . . . . . . . . . .	P Near	 00000000 FLAT	Length= 00000000 External STDCALL
ReadFile . . . . . . . . . . . .	P Near	 00000000 FLAT	Length= 00000000 External STDCALL
ReadFloat  . . . . . . . . . . .	P Near	 00000000 FLAT	Length= 00000000 External STDCALL
ReadFromFile . . . . . . . . . .	P Near	 00000000 FLAT	Length= 00000000 External STDCALL
ReadHex  . . . . . . . . . . . .	P Near	 00000000 FLAT	Length= 00000000 External STDCALL
ReadInt  . . . . . . . . . . . .	P Near	 00000000 FLAT	Length= 00000000 External STDCALL
ReadKeyFlush . . . . . . . . . .	P Near	 00000000 FLAT	Length= 00000000 External STDCALL
ReadKey  . . . . . . . . . . . .	P Near	 00000000 FLAT	Length= 00000000 External STDCALL
ReadString . . . . . . . . . . .	P Near	 00000000 FLAT	Length= 00000000 External STDCALL
SetConsoleCursorInfo . . . . . .	P Near	 00000000 FLAT	Length= 00000000 External STDCALL
SetConsoleCursorPosition . . . .	P Near	 00000000 FLAT	Length= 00000000 External STDCALL
SetConsoleMode . . . . . . . . .	P Near	 00000000 FLAT	Length= 00000000 External STDCALL
SetConsoleScreenBufferSize . . .	P Near	 00000000 FLAT	Length= 00000000 External STDCALL
SetConsoleTextAttribute  . . . .	P Near	 00000000 FLAT	Length= 00000000 External STDCALL
SetConsoleTitleA . . . . . . . .	P Near	 00000000 FLAT	Length= 00000000 External STDCALL
SetConsoleWindowInfo . . . . . .	P Near	 00000000 FLAT	Length= 00000000 External STDCALL
SetFilePointer . . . . . . . . .	P Near	 00000000 FLAT	Length= 00000000 External STDCALL
SetLocalTime . . . . . . . . . .	P Near	 00000000 FLAT	Length= 00000000 External STDCALL
SetTextColor . . . . . . . . . .	P Near	 00000000 FLAT	Length= 00000000 External STDCALL
ShowFPUStack . . . . . . . . . .	P Near	 00000000 FLAT	Length= 00000000 External STDCALL
Sleep  . . . . . . . . . . . . .	P Near	 00000000 FLAT	Length= 00000000 External STDCALL
StrLength  . . . . . . . . . . .	P Near	 00000000 FLAT	Length= 00000000 External STDCALL
Str_compare  . . . . . . . . . .	P Near	 00000000 FLAT	Length= 00000000 External STDCALL
Str_copy . . . . . . . . . . . .	P Near	 00000000 FLAT	Length= 00000000 External STDCALL
Str_length . . . . . . . . . . .	P Near	 00000000 FLAT	Length= 00000000 External STDCALL
Str_trim . . . . . . . . . . . .	P Near	 00000000 FLAT	Length= 00000000 External STDCALL
Str_ucase  . . . . . . . . . . .	P Near	 00000000 FLAT	Length= 00000000 External STDCALL
SystemTimeToFileTime . . . . . .	P Near	 00000000 FLAT	Length= 00000000 External STDCALL
WaitMsg  . . . . . . . . . . . .	P Near	 00000000 FLAT	Length= 00000000 External STDCALL
WriteBinB  . . . . . . . . . . .	P Near	 00000000 FLAT	Length= 00000000 External STDCALL
WriteBin . . . . . . . . . . . .	P Near	 00000000 FLAT	Length= 00000000 External STDCALL
WriteChar  . . . . . . . . . . .	P Near	 00000000 FLAT	Length= 00000000 External STDCALL
WriteConsoleA  . . . . . . . . .	P Near	 00000000 FLAT	Length= 00000000 External STDCALL
WriteConsoleOutputAttribute  . .	P Near	 00000000 FLAT	Length= 00000000 External STDCALL
WriteConsoleOutputCharacterA . .	P Near	 00000000 FLAT	Length= 00000000 External STDCALL
WriteDec . . . . . . . . . . . .	P Near	 00000000 FLAT	Length= 00000000 External STDCALL
WriteFile  . . . . . . . . . . .	P Near	 00000000 FLAT	Length= 00000000 External STDCALL
WriteFloat . . . . . . . . . . .	P Near	 00000000 FLAT	Length= 00000000 External STDCALL
WriteHexB  . . . . . . . . . . .	P Near	 00000000 FLAT	Length= 00000000 External STDCALL
WriteHex . . . . . . . . . . . .	P Near	 00000000 FLAT	Length= 00000000 External STDCALL
WriteInt . . . . . . . . . . . .	P Near	 00000000 FLAT	Length= 00000000 External STDCALL
WriteStackFrameName  . . . . . .	P Near	 00000000 FLAT	Length= 00000000 External STDCALL
WriteStackFrame  . . . . . . . .	P Near	 00000000 FLAT	Length= 00000000 External STDCALL
WriteString  . . . . . . . . . .	P Near	 00000000 FLAT	Length= 00000000 External STDCALL
WriteToFile  . . . . . . . . . .	P Near	 00000000 FLAT	Length= 00000000 External STDCALL
WriteWindowsMsg  . . . . . . . .	P Near	 00000000 FLAT	Length= 00000000 External STDCALL
main . . . . . . . . . . . . . .	P Near	 00000000 _TEXT	Length= 00000194 Public STDCALL
  inputLoop  . . . . . . . . . .	L Near	 00000082 _TEXT	
  exitInputLoop  . . . . . . . .	L Near	 0000009F _TEXT	
  roundDown  . . . . . . . . . .	L Near	 000000FE _TEXT	
  roundUp  . . . . . . . . . . .	L Near	 00000104 _TEXT	
  noNumEntered . . . . . . . . .	L Near	 00000156 _TEXT	
  partingMessage . . . . . . . .	L Near	 00000160 _TEXT	
printf . . . . . . . . . . . . .	P Near	 00000000 FLAT	Length= 00000000 External C
scanf  . . . . . . . . . . . . .	P Near	 00000000 FLAT	Length= 00000000 External C
validateInput  . . . . . . . . .	P Near	 00000194 _TEXT	Length= 0000003B Public STDCALL
  getInput . . . . . . . . . . .	L Near	 00000194 _TEXT	
  isValid  . . . . . . . . . . .	L Near	 000001C9 _TEXT	
wsprintfA  . . . . . . . . . . .	P Near	 00000000 FLAT	Length= 00000000 External C


Symbols:

                N a m e                 Type     Value    Attr

@CodeSize  . . . . . . . . . . .	Number	 00000000h   
@DataSize  . . . . . . . . . . .	Number	 00000000h   
@Interface . . . . . . . . . . .	Number	 00000003h   
@Model . . . . . . . . . . . . .	Number	 00000007h   
@code  . . . . . . . . . . . . .	Text   	 _TEXT
@data  . . . . . . . . . . . . .	Text   	 FLAT
@fardata?  . . . . . . . . . . .	Text   	 FLAT
@fardata . . . . . . . . . . . .	Text   	 FLAT
@stack . . . . . . . . . . . . .	Text   	 FLAT
ALT_MASK . . . . . . . . . . . .	Number	 00000003h   
CAPSLOCK_ON  . . . . . . . . . .	Number	 00000080h   
CREATE_ALWAYS  . . . . . . . . .	Number	 00000002h   
CREATE_NEW . . . . . . . . . . .	Number	 00000001h   
CTRL_MASK  . . . . . . . . . . .	Number	 0000000Ch   
CreateFile . . . . . . . . . . .	Text   	 CreateFileA
DO_NOT_SHARE . . . . . . . . . .	Number	 00000000h   
ENABLE_ECHO_INPUT  . . . . . . .	Number	 00000004h   
ENABLE_LINE_INPUT  . . . . . . .	Number	 00000002h   
ENABLE_MOUSE_INPUT . . . . . . .	Number	 00000010h   
ENABLE_PROCESSED_INPUT . . . . .	Number	 00000001h   
ENABLE_PROCESSED_OUTPUT  . . . .	Number	 00000001h   
ENABLE_WINDOW_INPUT  . . . . . .	Number	 00000008h   
ENABLE_WRAP_AT_EOL_OUTPUT  . . .	Number	 00000002h   
ENHANCED_KEY . . . . . . . . . .	Number	 00000100h   
FALSE  . . . . . . . . . . . . .	Number	 00000000h   
FILE_APPEND_DATA . . . . . . . .	Number	 00000004h   
FILE_ATTRIBUTE_ARCHIVE . . . . .	Number	 00000020h   
FILE_ATTRIBUTE_COMPRESSED  . . .	Number	 00000800h   
FILE_ATTRIBUTE_DEVICE  . . . . .	Number	 00000040h   
FILE_ATTRIBUTE_DIRECTORY . . . .	Number	 00000010h   
FILE_ATTRIBUTE_ENCRYPTED . . . .	Number	 00004000h   
FILE_ATTRIBUTE_HIDDEN  . . . . .	Number	 00000002h   
FILE_ATTRIBUTE_NORMAL  . . . . .	Number	 00000080h   
FILE_ATTRIBUTE_NOT_CONTENT_INDEXED .	Number	 00002000h   
FILE_ATTRIBUTE_OFFLINE . . . . .	Number	 00001000h   
FILE_ATTRIBUTE_READONLY  . . . .	Number	 00000001h   
FILE_ATTRIBUTE_REPARSE_POINT . .	Number	 00000400h   
FILE_ATTRIBUTE_SPARSE_FILE . . .	Number	 00000200h   
FILE_ATTRIBUTE_SYSTEM  . . . . .	Number	 00000004h   
FILE_ATTRIBUTE_TEMPORARY . . . .	Number	 00000100h   
FILE_BEGIN . . . . . . . . . . .	Number	 00000000h   
FILE_CURRENT . . . . . . . . . .	Number	 00000001h   
FILE_DELETE_CHILD  . . . . . . .	Number	 00000040h   
FILE_END . . . . . . . . . . . .	Number	 00000002h   
FILE_READ_DATA . . . . . . . . .	Number	 00000001h   
FILE_SHARE_DELETE  . . . . . . .	Number	 00000004h   
FILE_SHARE_READ  . . . . . . . .	Number	 00000001h   
FILE_SHARE_WRITE . . . . . . . .	Number	 00000002h   
FILE_WRITE_DATA  . . . . . . . .	Number	 00000002h   
FOCUS_EVENT  . . . . . . . . . .	Number	 00000010h   
FORMAT_MESSAGE_ALLOCATE_BUFFER .	Number	 00000100h   
FORMAT_MESSAGE_FROM_SYSTEM . . .	Number	 00001000h   
FormatMessage  . . . . . . . . .	Text   	 FormatMessageA
GENERIC_ALL  . . . . . . . . . .	Number	 10000000h   
GENERIC_EXECUTE  . . . . . . . .	Number	 20000000h   
GENERIC_READ . . . . . . . . . .	Number	 -80000000h   
GENERIC_WRITE  . . . . . . . . .	Number	 40000000h   
GetCommandLine . . . . . . . . .	Text   	 GetCommandLineA
HANDLE . . . . . . . . . . . . .	Text   	 DWORD
HEAP_GENERATE_EXCEPTIONS . . . .	Number	 00000004h   
HEAP_GROWABLE  . . . . . . . . .	Number	 00000002h   
HEAP_NO_SERIALIZE  . . . . . . .	Number	 00000001h   
HEAP_REALLOC_IN_PLACE_ONLY . . .	Number	 00000010h   
HEAP_ZERO_MEMORY . . . . . . . .	Number	 00000008h   
IDABORT  . . . . . . . . . . . .	Number	 00000003h   
IDCANCEL . . . . . . . . . . . .	Number	 00000002h   
IDCLOSE  . . . . . . . . . . . .	Number	 00000008h   
IDCONTINUE . . . . . . . . . . .	Number	 0000000Bh   
IDHELP . . . . . . . . . . . . .	Number	 00000009h   
IDIGNORE . . . . . . . . . . . .	Number	 00000005h   
IDNO . . . . . . . . . . . . . .	Number	 00000007h   
IDOK . . . . . . . . . . . . . .	Number	 00000001h   
IDRETRY  . . . . . . . . . . . .	Number	 00000004h   
IDTIMEOUT  . . . . . . . . . . .	Number	 00007D00h   
IDTRYAGAIN . . . . . . . . . . .	Number	 0000000Ah   
IDYES  . . . . . . . . . . . . .	Number	 00000006h   
INVALID_HANDLE_VALUE . . . . . .	Number	 -00000001h   
KBDOWN_FLAG  . . . . . . . . . .	Number	 00000001h   
KEY_EVENT  . . . . . . . . . . .	Number	 00000001h   
KEY_MASKS  . . . . . . . . . . .	Number	 0000001Fh   
LEFT_ALT_PRESSED . . . . . . . .	Number	 00000002h   
LEFT_CTRL_PRESSED  . . . . . . .	Number	 00000008h   
LOWER_LIMIT  . . . . . . . . . .	Number	 -00000064h   
MB_ABORTRETRYIGNORE  . . . . . .	Number	 00000002h   
MB_APPLMODAL . . . . . . . . . .	Number	 00000000h   
MB_CANCELTRYCONTINUE . . . . . .	Number	 00000006h   
MB_DEFBUTTON1  . . . . . . . . .	Number	 00000000h   
MB_DEFBUTTON2  . . . . . . . . .	Number	 00000100h   
MB_DEFBUTTON3  . . . . . . . . .	Number	 00000200h   
MB_DEFBUTTON4  . . . . . . . . .	Number	 00000300h   
MB_HELP  . . . . . . . . . . . .	Number	 00004000h   
MB_ICONASTERISK  . . . . . . . .	Number	 00000040h   
MB_ICONERROR . . . . . . . . . .	Number	 00000010h   
MB_ICONEXCLAMATION . . . . . . .	Number	 00000030h   
MB_ICONHAND  . . . . . . . . . .	Number	 00000010h   
MB_ICONINFORMATION . . . . . . .	Number	 00000040h   
MB_ICONQUESTION  . . . . . . . .	Number	 00000020h   
MB_ICONSTOP  . . . . . . . . . .	Number	 00000010h   
MB_ICONWARNING . . . . . . . . .	Number	 00000030h   
MB_OKCANCEL  . . . . . . . . . .	Number	 00000001h   
MB_OK  . . . . . . . . . . . . .	Number	 00000000h   
MB_RETRYCANCEL . . . . . . . . .	Number	 00000005h   
MB_SYSTEMMODAL . . . . . . . . .	Number	 00001000h   
MB_TASKMODAL . . . . . . . . . .	Number	 00002000h   
MB_USERICON  . . . . . . . . . .	Number	 00000080h   
MB_YESNOCANCEL . . . . . . . . .	Number	 00000003h   
MB_YESNO . . . . . . . . . . . .	Number	 00000004h   
MENU_EVENT . . . . . . . . . . .	Number	 00000008h   
MOUSE_EVENT  . . . . . . . . . .	Number	 00000002h   
MessageBox . . . . . . . . . . .	Text   	 MessageBoxA
NULL . . . . . . . . . . . . . .	Number	 00000000h   
NUMLOCK_ON . . . . . . . . . . .	Number	 00000020h   
OPEN_ALWAYS  . . . . . . . . . .	Number	 00000004h   
OPEN_EXISTING  . . . . . . . . .	Number	 00000003h   
PeekConsoleInput . . . . . . . .	Text   	 PeekConsoleInputA
RIGHT_ALT_PRESSED  . . . . . . .	Number	 00000001h   
RIGHT_CTRL_PRESSED . . . . . . .	Number	 00000004h   
ReadConsoleInput . . . . . . . .	Text   	 ReadConsoleInputA
ReadConsole  . . . . . . . . . .	Text   	 ReadConsoleA
SCROLLLOCK_ON  . . . . . . . . .	Number	 00000040h   
SHIFT_MASK . . . . . . . . . . .	Number	 00000010h   
SHIFT_PRESSED  . . . . . . . . .	Number	 00000010h   
STD_ERROR_HANDLE . . . . . . . .	Number	 -0000000Ch   
STD_INPUT_HANDLE . . . . . . . .	Number	 -0000000Ah   
STD_OUTPUT_HANDLE  . . . . . . .	Number	 -0000000Bh   
SetConsoleTitle  . . . . . . . .	Text   	 SetConsoleTitleA
TAB  . . . . . . . . . . . . . .	Number	 00000009h   
TRUE . . . . . . . . . . . . . .	Number	 00000001h   
TRUNCATE_EXISTING  . . . . . . .	Number	 00000005h   
VK_11  . . . . . . . . . . . . .	Number	 000000BDh   
VK_12  . . . . . . . . . . . . .	Number	 000000BBh   
VK_ADD . . . . . . . . . . . . .	Number	 0000006Bh   
VK_BACK  . . . . . . . . . . . .	Number	 00000008h   
VK_CANCEL  . . . . . . . . . . .	Number	 00000003h   
VK_CAPITAL . . . . . . . . . . .	Number	 00000014h   
VK_CLEAR . . . . . . . . . . . .	Number	 0000000Ch   
VK_CONTROL . . . . . . . . . . .	Number	 00000011h   
VK_DECIMAL . . . . . . . . . . .	Number	 0000006Eh   
VK_DELETE  . . . . . . . . . . .	Number	 0000002Eh   
VK_DIVIDE  . . . . . . . . . . .	Number	 0000006Fh   
VK_DOWN  . . . . . . . . . . . .	Number	 00000028h   
VK_END . . . . . . . . . . . . .	Number	 00000023h   
VK_ESCAPE  . . . . . . . . . . .	Number	 0000001Bh   
VK_EXECUTE . . . . . . . . . . .	Number	 0000002Bh   
VK_F10 . . . . . . . . . . . . .	Number	 00000079h   
VK_F11 . . . . . . . . . . . . .	Number	 0000007Ah   
VK_F12 . . . . . . . . . . . . .	Number	 0000007Bh   
VK_F13 . . . . . . . . . . . . .	Number	 0000007Ch   
VK_F14 . . . . . . . . . . . . .	Number	 0000007Dh   
VK_F15 . . . . . . . . . . . . .	Number	 0000007Eh   
VK_F16 . . . . . . . . . . . . .	Number	 0000007Fh   
VK_F17 . . . . . . . . . . . . .	Number	 00000080h   
VK_F18 . . . . . . . . . . . . .	Number	 00000081h   
VK_F19 . . . . . . . . . . . . .	Number	 00000082h   
VK_F1  . . . . . . . . . . . . .	Number	 00000070h   
VK_F20 . . . . . . . . . . . . .	Number	 00000083h   
VK_F21 . . . . . . . . . . . . .	Number	 00000084h   
VK_F22 . . . . . . . . . . . . .	Number	 00000085h   
VK_F23 . . . . . . . . . . . . .	Number	 00000086h   
VK_F24 . . . . . . . . . . . . .	Number	 00000087h   
VK_F2  . . . . . . . . . . . . .	Number	 00000071h   
VK_F3  . . . . . . . . . . . . .	Number	 00000072h   
VK_F4  . . . . . . . . . . . . .	Number	 00000073h   
VK_F5  . . . . . . . . . . . . .	Number	 00000074h   
VK_F6  . . . . . . . . . . . . .	Number	 00000075h   
VK_F7  . . . . . . . . . . . . .	Number	 00000076h   
VK_F8  . . . . . . . . . . . . .	Number	 00000077h   
VK_F9  . . . . . . . . . . . . .	Number	 00000078h   
VK_HELP  . . . . . . . . . . . .	Number	 0000002Fh   
VK_HOME  . . . . . . . . . . . .	Number	 00000024h   
VK_INSERT  . . . . . . . . . . .	Number	 0000002Dh   
VK_LBUTTON . . . . . . . . . . .	Number	 00000001h   
VK_LCONTROL  . . . . . . . . . .	Number	 000000A2h   
VK_LEFT  . . . . . . . . . . . .	Number	 00000025h   
VK_LMENU . . . . . . . . . . . .	Number	 000000A4h   
VK_LSHIFT  . . . . . . . . . . .	Number	 000000A0h   
VK_MENU  . . . . . . . . . . . .	Number	 00000012h   
VK_MULTIPLY  . . . . . . . . . .	Number	 0000006Ah   
VK_NEXT  . . . . . . . . . . . .	Number	 00000022h   
VK_NUMLOCK . . . . . . . . . . .	Number	 00000090h   
VK_NUMPAD0 . . . . . . . . . . .	Number	 00000060h   
VK_NUMPAD1 . . . . . . . . . . .	Number	 00000061h   
VK_NUMPAD2 . . . . . . . . . . .	Number	 00000062h   
VK_NUMPAD3 . . . . . . . . . . .	Number	 00000063h   
VK_NUMPAD4 . . . . . . . . . . .	Number	 00000064h   
VK_NUMPAD5 . . . . . . . . . . .	Number	 00000065h   
VK_NUMPAD6 . . . . . . . . . . .	Number	 00000066h   
VK_NUMPAD7 . . . . . . . . . . .	Number	 00000067h   
VK_NUMPAD8 . . . . . . . . . . .	Number	 00000068h   
VK_NUMPAD9 . . . . . . . . . . .	Number	 00000069h   
VK_PAUSE . . . . . . . . . . . .	Number	 00000013h   
VK_PRINT . . . . . . . . . . . .	Number	 0000002Ah   
VK_PRIOR . . . . . . . . . . . .	Number	 00000021h   
VK_RBUTTON . . . . . . . . . . .	Number	 00000002h   
VK_RCONTROL  . . . . . . . . . .	Number	 000000A3h   
VK_RETURN  . . . . . . . . . . .	Number	 0000000Dh   
VK_RIGHT . . . . . . . . . . . .	Number	 00000027h   
VK_RMENU . . . . . . . . . . . .	Number	 000000A5h   
VK_RSHIFT  . . . . . . . . . . .	Number	 000000A1h   
VK_SCROLL  . . . . . . . . . . .	Number	 00000091h   
VK_SEPARATER . . . . . . . . . .	Number	 0000006Ch   
VK_SHIFT . . . . . . . . . . . .	Number	 00000010h   
VK_SNAPSHOT  . . . . . . . . . .	Number	 0000002Ch   
VK_SPACE . . . . . . . . . . . .	Number	 00000020h   
VK_SUBTRACT  . . . . . . . . . .	Number	 0000006Dh   
VK_TAB . . . . . . . . . . . . .	Number	 00000009h   
VK_UP  . . . . . . . . . . . . .	Number	 00000026h   
WINDOW_BUFFER_SIZE_EVENT . . . .	Number	 00000004h   
WriteConsoleOutputCharacter  . .	Text   	 WriteConsoleOutputCharacterA
WriteConsole . . . . . . . . . .	Text   	 WriteConsoleA
average  . . . . . . . . . . . .	DWord	 0000002D _DATA	
black  . . . . . . . . . . . . .	Number	 00000000h   
blue . . . . . . . . . . . . . .	Number	 00000001h   
brown  . . . . . . . . . . . . .	Number	 00000006h   
counter  . . . . . . . . . . . .	DWord	 00000025 _DATA	
cyan . . . . . . . . . . . . . .	Number	 00000003h   
ec_1 . . . . . . . . . . . . . .	Byte	 0000005F _DATA	
exit . . . . . . . . . . . . . .	Text   	 INVOKE ExitProcess,0
goodBye_1  . . . . . . . . . . .	Byte	 00000226 _DATA	
goodBye_2  . . . . . . . . . . .	Byte	 0000025D _DATA	
gray . . . . . . . . . . . . . .	Number	 00000008h   
green  . . . . . . . . . . . . .	Number	 00000002h   
greeting . . . . . . . . . . . .	Byte	 000000A3 _DATA	
halfCounter  . . . . . . . . . .	DWord	 00000035 _DATA	
instruct_1 . . . . . . . . . . .	Byte	 000000AB _DATA	
instruct_2 . . . . . . . . . . .	Byte	 000000CF _DATA	
instruct_3 . . . . . . . . . . .	Byte	 00000112 _DATA	
lightBlue  . . . . . . . . . . .	Number	 00000009h   
lightCyan  . . . . . . . . . . .	Number	 0000000Bh   
lightGray  . . . . . . . . . . .	Number	 00000007h   
lightGreen . . . . . . . . . . .	Number	 0000000Ah   
lightMagenta . . . . . . . . . .	Number	 0000000Dh   
lightRed . . . . . . . . . . . .	Number	 0000000Ch   
magenta  . . . . . . . . . . . .	Number	 00000005h   
myName . . . . . . . . . . . . .	Byte	 0000004F _DATA	
noValidNums  . . . . . . . . . .	Byte	 00000207 _DATA	
numbersAverageFloat  . . . . . .	Byte	 000001E8 _DATA	
numbersAverage . . . . . . . . .	Byte	 000001D0 _DATA	
numbersEntered_1 . . . . . . . .	Byte	 00000191 _DATA	
numbersEntered_2 . . . . . . . .	Byte	 0000019E _DATA	
numbersSum . . . . . . . . . . .	Byte	 000001AE _DATA	
outOfRange . . . . . . . . . . .	Byte	 00000125 _DATA	
programTitle . . . . . . . . . .	Byte	 00000039 _DATA	
prompt_1 . . . . . . . . . . . .	Byte	 00000090 _DATA	
red  . . . . . . . . . . . . . .	Number	 00000004h   
remainder  . . . . . . . . . . .	DWord	 00000031 _DATA	
sum  . . . . . . . . . . . . . .	DWord	 00000029 _DATA	
userName . . . . . . . . . . . .	Byte	 00000000 _DATA	
userNum  . . . . . . . . . . . .	DWord	 00000021 _DATA	
white  . . . . . . . . . . . . .	Number	 0000000Fh   
wsprintf . . . . . . . . . . . .	Text   	 wsprintfA
yellow . . . . . . . . . . . . .	Number	 0000000Eh   

	   0 Warnings
	   0 Errors
